# JRE version: OpenJDK Runtime Environment (7.0_75-b13) (build 1.7.0_75-b13)
# Java VM: OpenJDK 64-Bit Server VM (24.75-b04 mixed mode linux-amd64 compressed oops)
Heap
 PSYoungGen      total 75776K, used 12199K [0x00000000eaa80000, 0x00000000f0400000, 0x0000000100000000)
  eden space 59904K, 0% used [0x00000000eaa80000,0x00000000eaa80000,0x00000000ee500000)
  from space 15872K, 76% used [0x00000000ee500000,0x00000000ef0e9e50,0x00000000ef480000)
  to   space 11776K, 0% used [0x00000000ef880000,0x00000000ef880000,0x00000000f0400000)
 ParOldGen       total 52736K, used 22054K [0x00000000c0000000, 0x00000000c3380000, 0x00000000eaa80000)
  object space 52736K, 41% used [0x00000000c0000000,0x00000000c15899f8,0x00000000c3380000)
 PSPermGen       total 21504K, used 7500K [0x00000000b5a00000, 0x00000000b6f00000, 0x00000000c0000000)
  object space 21504K, 34% used [0x00000000b5a00000,0x00000000b6153020,0x00000000b6f00000)
GC Heap History (10 events):
Event: 2.078 GC heap after
Heap after GC invocations=3 (full 0):
 PSYoungGen      total 18432K, used 2528K [0x00000000eaa80000, 0x00000000ece80000, 0x0000000100000000)
  eden space 15872K, 0% used [0x00000000eaa80000,0x00000000eaa80000,0x00000000eba00000)
  from space 2560K, 98% used [0x00000000eba00000,0x00000000ebc78010,0x00000000ebc80000)
  to   space 2560K, 0% used [0x00000000ecc00000,0x00000000ecc00000,0x00000000ece80000)
 ParOldGen       total 41472K, used 8465K [0x00000000c0000000, 0x00000000c2880000, 0x00000000eaa80000)
  object space 41472K, 20% used [0x00000000c0000000,0x00000000c0844558,0x00000000c2880000)
 PSPermGen       total 21504K, used 5766K [0x00000000b5a00000, 0x00000000b6f00000, 0x00000000c0000000)
  object space 21504K, 26% used [0x00000000b5a00000,0x00000000b5fa1970,0x00000000b6f00000)
}
Event: 2.735 GC heap before
{Heap before GC invocations=4 (full 0):
 PSYoungGen      total 18432K, used 18400K [0x00000000eaa80000, 0x00000000ece80000, 0x0000000100000000)
  eden space 15872K, 100% used [0x00000000eaa80000,0x00000000eba00000,0x00000000eba00000)
  from space 2560K, 98% used [0x00000000eba00000,0x00000000ebc78010,0x00000000ebc80000)
  to   space 2560K, 0% used [0x00000000ecc00000,0x00000000ecc00000,0x00000000ece80000)
 ParOldGen       total 41472K, used 8465K [0x00000000c0000000, 0x00000000c2880000, 0x00000000eaa80000)
  object space 41472K, 20% used [0x00000000c0000000,0x00000000c0844558,0x00000000c2880000)
 PSPermGen       total 21504K, used 6490K [0x00000000b5a00000, 0x00000000b6f00000, 0x00000000c0000000)
  object space 21504K, 30% used [0x00000000b5a00000,0x00000000b6056b30,0x00000000b6f00000)
Event: 2.746 GC heap after
Heap after GC invocations=4 (full 0):
 PSYoungGen      total 34304K, used 2545K [0x00000000eaa80000, 0x00000000ece80000, 0x0000000100000000)
  eden space 31744K, 0% used [0x00000000eaa80000,0x00000000eaa80000,0x00000000ec980000)
  from space 2560K, 99% used [0x00000000ecc00000,0x00000000ece7c780,0x00000000ece80000)
  to   space 2560K, 0% used [0x00000000ec980000,0x00000000ec980000,0x00000000ecc00000)
 ParOldGen       total 41472K, used 17465K [0x00000000c0000000, 0x00000000c2880000, 0x00000000eaa80000)
  object space 41472K, 42% used [0x00000000c0000000,0x00000000c110e400,0x00000000c2880000)
 PSPermGen       total 21504K, used 6490K [0x00000000b5a00000, 0x00000000b6f00000, 0x00000000c0000000)
  object space 21504K, 30% used [0x00000000b5a00000,0x00000000b6056b30,0x00000000b6f00000)
}
Event: 3.477 GC heap before
{Heap before GC invocations=5 (full 0):
 PSYoungGen      total 34304K, used 34289K [0x00000000eaa80000, 0x00000000ece80000, 0x0000000100000000)
  eden space 31744K, 100% used [0x00000000eaa80000,0x00000000ec980000,0x00000000ec980000)
  from space 2560K, 99% used [0x00000000ecc00000,0x00000000ece7c780,0x00000000ece80000)
  to   space 2560K, 0% used [0x00000000ec980000,0x00000000ec980000,0x00000000ecc00000)
 ParOldGen       total 41472K, used 17465K [0x00000000c0000000, 0x00000000c2880000, 0x00000000eaa80000)
  object space 41472K, 42% used [0x00000000c0000000,0x00000000c110e400,0x00000000c2880000)
 PSPermGen       total 21504K, used 7457K [0x00000000b5a00000, 0x00000000b6f00000, 0x00000000c0000000)
  object space 21504K, 34% used [0x00000000b5a00000,0x00000000b6148798,0x00000000b6f00000)
Event: 3.492 GC heap after
Heap after GC invocations=5 (full 0):
 PSYoungGen      total 34304K, used 2545K [0x00000000eaa80000, 0x00000000f0880000, 0x0000000100000000)
  eden space 31744K, 0% used [0x00000000eaa80000,0x00000000eaa80000,0x00000000ec980000)
  from space 2560K, 99% used [0x00000000ec980000,0x00000000ecbfc780,0x00000000ecc00000)
  to   space 16384K, 0% used [0x00000000ef880000,0x00000000ef880000,0x00000000f0880000)
 ParOldGen       total 41472K, used 30095K [0x00000000c0000000, 0x00000000c2880000, 0x00000000eaa80000)
  object space 41472K, 72% used [0x00000000c0000000,0x00000000c1d63e48,0x00000000c2880000)
 PSPermGen       total 21504K, used 7457K [0x00000000b5a00000, 0x00000000b6f00000, 0x00000000c0000000)
  object space 21504K, 34% used [0x00000000b5a00000,0x00000000b6148798,0x00000000b6f00000)
}
Event: 3.503 GC heap before
{Heap before GC invocations=6 (full 1):
 PSYoungGen      total 34304K, used 2545K [0x00000000eaa80000, 0x00000000f0880000, 0x0000000100000000)
  eden space 31744K, 0% used [0x00000000eaa80000,0x00000000eaa80000,0x00000000ec980000)
  from space 2560K, 99% used [0x00000000ec980000,0x00000000ecbfc780,0x00000000ecc00000)
  to   space 16384K, 0% used [0x00000000ef880000,0x00000000ef880000,0x00000000f0880000)
 ParOldGen       total 41472K, used 30095K [0x00000000c0000000, 0x00000000c2880000, 0x00000000eaa80000)
  object space 41472K, 72% used [0x00000000c0000000,0x00000000c1d63e48,0x00000000c2880000)
 PSPermGen       total 21504K, used 7457K [0x00000000b5a00000, 0x00000000b6f00000, 0x00000000c0000000)
  object space 21504K, 34% used [0x00000000b5a00000,0x00000000b6148798,0x00000000b6f00000)
Event: 3.570 GC heap after
Heap after GC invocations=6 (full 1):
 PSYoungGen      total 34304K, used 0K [0x00000000eaa80000, 0x00000000f0880000, 0x0000000100000000)
  eden space 31744K, 0% used [0x00000000eaa80000,0x00000000eaa80000,0x00000000ec980000)
  from space 2560K, 0% used [0x00000000ec980000,0x00000000ec980000,0x00000000ecc00000)
  to   space 16384K, 0% used [0x00000000ef880000,0x00000000ef880000,0x00000000f0880000)
 ParOldGen       total 52736K, used 14872K [0x00000000c0000000, 0x00000000c3380000, 0x00000000eaa80000)
  object space 52736K, 28% used [0x00000000c0000000,0x00000000c0e86130,0x00000000c3380000)
 PSPermGen       total 21504K, used 7455K [0x00000000b5a00000, 0x00000000b6f00000, 0x00000000c0000000)
  object space 21504K, 34% used [0x00000000b5a00000,0x00000000b6147c28,0x00000000b6f00000)
}
Event: 3.873 GC heap before
{Heap before GC invocations=7 (full 1):
 PSYoungGen      total 34304K, used 31744K [0x00000000eaa80000, 0x00000000f0880000, 0x0000000100000000)
  eden space 31744K, 100% used [0x00000000eaa80000,0x00000000ec980000,0x00000000ec980000)
  from space 2560K, 0% used [0x00000000ec980000,0x00000000ec980000,0x00000000ecc00000)
  to   space 16384K, 0% used [0x00000000ef880000,0x00000000ef880000,0x00000000f0880000)
 ParOldGen       total 52736K, used 14872K [0x00000000c0000000, 0x00000000c3380000, 0x00000000eaa80000)
  object space 52736K, 28% used [0x00000000c0000000,0x00000000c0e86130,0x00000000c3380000)
 PSPermGen       total 21504K, used 7491K [0x00000000b5a00000, 0x00000000b6f00000, 0x00000000c0000000)
  object space 21504K, 34% used [0x00000000b5a00000,0x00000000b6150ef0,0x00000000b6f00000)
Event: 4.246 GC heap after
Heap after GC invocations=7 (full 1):
 PSYoungGen      total 71680K, used 5458K [0x00000000eaa80000, 0x00000000f0400000, 0x0000000100000000)
  eden space 59904K, 0% used [0x00000000eaa80000,0x00000000eaa80000,0x00000000ee500000)
  from space 11776K, 46% used [0x00000000ef880000,0x00000000efdd4b38,0x00000000f0400000)
  to   space 15872K, 0% used [0x00000000ee500000,0x00000000ee500000,0x00000000ef480000)
 ParOldGen       total 52736K, used 14872K [0x00000000c0000000, 0x00000000c3380000, 0x00000000eaa80000)
  object space 52736K, 28% used [0x00000000c0000000,0x00000000c0e86130,0x00000000c3380000)
 PSPermGen       total 21504K, used 7491K [0x00000000b5a00000, 0x00000000b6f00000, 0x00000000c0000000)
  object space 21504K, 34% used [0x00000000b5a00000,0x00000000b6150ef0,0x00000000b6f00000)
}
Event: 4.569 GC heap before
{Heap before GC invocations=8 (full 1):
 PSYoungGen      total 71680K, used 65362K [0x00000000eaa80000, 0x00000000f0400000, 0x0000000100000000)
  eden space 59904K, 100% used [0x00000000eaa80000,0x00000000ee500000,0x00000000ee500000)
  from space 11776K, 46% used [0x00000000ef880000,0x00000000efdd4b38,0x00000000f0400000)
  to   space 15872K, 0% used [0x00000000ee500000,0x00000000ee500000,0x00000000ef480000)
 ParOldGen       total 52736K, used 14872K [0x00000000c0000000, 0x00000000c3380000, 0x00000000eaa80000)
  object space 52736K, 28% used [0x00000000c0000000,0x00000000c0e86130,0x00000000c3380000)
 PSPermGen       total 21504K, used 7500K [0x00000000b5a00000, 0x00000000b6f00000, 0x00000000c0000000)
  object space 21504K, 34% used [0x00000000b5a00000,0x00000000b6153020,0x00000000b6f00000)

