# JRE version: OpenJDK Runtime Environment (7.0_75-b13) (build 1.7.0_75-b13)
# Java VM: OpenJDK 64-Bit Server VM (24.75-b04 mixed mode linux-amd64 compressed oops)
Heap
 PSYoungGen      total 60928K, used 20974K [0x00000000eaa80000, 0x00000000f0d00000, 0x0000000100000000)
  eden space 39936K, 0% used [0x00000000eaa80000,0x00000000eaa80000,0x00000000ed180000)
  from space 20992K, 99% used [0x00000000ef880000,0x00000000f0cfb9a8,0x00000000f0d00000)
  to   space 17408K, 0% used [0x00000000ed180000,0x00000000ed180000,0x00000000ee280000)
 ParOldGen       total 68608K, used 67549K [0x00000000c0000000, 0x00000000c4300000, 0x00000000eaa80000)
  object space 68608K, 98% used [0x00000000c0000000,0x00000000c41f77d8,0x00000000c4300000)
 PSPermGen       total 21504K, used 5789K [0x00000000b5a00000, 0x00000000b6f00000, 0x00000000c0000000)
  object space 21504K, 26% used [0x00000000b5a00000,0x00000000b5fa7528,0x00000000b6f00000)
GC Heap History (10 events):
Event: 1.959 GC heap after
Heap after GC invocations=4 (full 1):
 PSYoungGen      total 18432K, used 0K [0x00000000eaa80000, 0x00000000ece80000, 0x0000000100000000)
  eden space 15872K, 0% used [0x00000000eaa80000,0x00000000eaa80000,0x00000000eba00000)
  from space 2560K, 0% used [0x00000000eba00000,0x00000000eba00000,0x00000000ebc80000)
  to   space 2560K, 0% used [0x00000000ecc00000,0x00000000ecc00000,0x00000000ece80000)
 ParOldGen       total 65536K, used 28262K [0x00000000c0000000, 0x00000000c4000000, 0x00000000eaa80000)
  object space 65536K, 43% used [0x00000000c0000000,0x00000000c1b99a50,0x00000000c4000000)
 PSPermGen       total 21504K, used 5484K [0x00000000b5a00000, 0x00000000b6f00000, 0x00000000c0000000)
  object space 21504K, 25% used [0x00000000b5a00000,0x00000000b5f5b250,0x00000000b6f00000)
}
Event: 1.964 GC heap before
{Heap before GC invocations=5 (full 1):
 PSYoungGen      total 18432K, used 15871K [0x00000000eaa80000, 0x00000000ece80000, 0x0000000100000000)
  eden space 15872K, 99% used [0x00000000eaa80000,0x00000000eb9fff20,0x00000000eba00000)
  from space 2560K, 0% used [0x00000000eba00000,0x00000000eba00000,0x00000000ebc80000)
  to   space 2560K, 0% used [0x00000000ecc00000,0x00000000ecc00000,0x00000000ece80000)
 ParOldGen       total 65536K, used 28262K [0x00000000c0000000, 0x00000000c4000000, 0x00000000eaa80000)
  object space 65536K, 43% used [0x00000000c0000000,0x00000000c1b99a50,0x00000000c4000000)
 PSPermGen       total 21504K, used 5484K [0x00000000b5a00000, 0x00000000b6f00000, 0x00000000c0000000)
  object space 21504K, 25% used [0x00000000b5a00000,0x00000000b5f5b250,0x00000000b6f00000)
Event: 1.981 GC heap after
Heap after GC invocations=5 (full 1):
 PSYoungGen      total 27648K, used 2560K [0x00000000eaa80000, 0x00000000ece80000, 0x0000000100000000)
  eden space 25088K, 0% used [0x00000000eaa80000,0x00000000eaa80000,0x00000000ec300000)
  from space 2560K, 100% used [0x00000000ecc00000,0x00000000ece80000,0x00000000ece80000)
  to   space 2560K, 0% used [0x00000000ec980000,0x00000000ec980000,0x00000000ecc00000)
 ParOldGen       total 65536K, used 35110K [0x00000000c0000000, 0x00000000c4000000, 0x00000000eaa80000)
  object space 65536K, 53% used [0x00000000c0000000,0x00000000c2249a50,0x00000000c4000000)
 PSPermGen       total 21504K, used 5484K [0x00000000b5a00000, 0x00000000b6f00000, 0x00000000c0000000)
  object space 21504K, 25% used [0x00000000b5a00000,0x00000000b5f5b250,0x00000000b6f00000)
}
Event: 2.302 GC heap before
{Heap before GC invocations=6 (full 1):
 PSYoungGen      total 27648K, used 27648K [0x00000000eaa80000, 0x00000000ece80000, 0x0000000100000000)
  eden space 25088K, 100% used [0x00000000eaa80000,0x00000000ec300000,0x00000000ec300000)
  from space 2560K, 100% used [0x00000000ecc00000,0x00000000ece80000,0x00000000ece80000)
  to   space 2560K, 0% used [0x00000000ec980000,0x00000000ec980000,0x00000000ecc00000)
 ParOldGen       total 65536K, used 35110K [0x00000000c0000000, 0x00000000c4000000, 0x00000000eaa80000)
  object space 65536K, 53% used [0x00000000c0000000,0x00000000c2249a50,0x00000000c4000000)
 PSPermGen       total 21504K, used 5534K [0x00000000b5a00000, 0x00000000b6f00000, 0x00000000c0000000)
  object space 21504K, 25% used [0x00000000b5a00000,0x00000000b5f67830,0x00000000b6f00000)
Event: 2.349 GC heap after
Heap after GC invocations=6 (full 1):
 PSYoungGen      total 34304K, used 2560K [0x00000000eaa80000, 0x00000000ef380000, 0x0000000100000000)
  eden space 31744K, 0% used [0x00000000eaa80000,0x00000000eaa80000,0x00000000ec980000)
  from space 2560K, 100% used [0x00000000ec980000,0x00000000ecc00000,0x00000000ecc00000)
  to   space 17408K, 0% used [0x00000000ee280000,0x00000000ee280000,0x00000000ef380000)
 ParOldGen       total 65536K, used 39292K [0x00000000c0000000, 0x00000000c4000000, 0x00000000eaa80000)
  object space 65536K, 59% used [0x00000000c0000000,0x00000000c265f260,0x00000000c4000000)
 PSPermGen       total 21504K, used 5534K [0x00000000b5a00000, 0x00000000b6f00000, 0x00000000c0000000)
  object space 21504K, 25% used [0x00000000b5a00000,0x00000000b5f67830,0x00000000b6f00000)
}
Event: 3.160 GC heap before
{Heap before GC invocations=7 (full 1):
 PSYoungGen      total 34304K, used 34304K [0x00000000eaa80000, 0x00000000ef380000, 0x0000000100000000)
  eden space 31744K, 100% used [0x00000000eaa80000,0x00000000ec980000,0x00000000ec980000)
  from space 2560K, 100% used [0x00000000ec980000,0x00000000ecc00000,0x00000000ecc00000)
  to   space 17408K, 0% used [0x00000000ee280000,0x00000000ee280000,0x00000000ef380000)
 ParOldGen       total 65536K, used 39292K [0x00000000c0000000, 0x00000000c4000000, 0x00000000eaa80000)
  object space 65536K, 59% used [0x00000000c0000000,0x00000000c265f260,0x00000000c4000000)
 PSPermGen       total 21504K, used 5621K [0x00000000b5a00000, 0x00000000b6f00000, 0x00000000c0000000)
  object space 21504K, 26% used [0x00000000b5a00000,0x00000000b5f7d5b8,0x00000000b6f00000)
Event: 3.192 GC heap after
Heap after GC invocations=7 (full 1):
 PSYoungGen      total 57344K, used 6812K [0x00000000eaa80000, 0x00000000efc00000, 0x0000000100000000)
  eden space 39936K, 0% used [0x00000000eaa80000,0x00000000eaa80000,0x00000000ed180000)
  from space 17408K, 39% used [0x00000000ee280000,0x00000000ee927100,0x00000000ef380000)
  to   space 17408K, 0% used [0x00000000ed180000,0x00000000ed180000,0x00000000ee280000)
 ParOldGen       total 65536K, used 39292K [0x00000000c0000000, 0x00000000c4000000, 0x00000000eaa80000)
  object space 65536K, 59% used [0x00000000c0000000,0x00000000c265f260,0x00000000c4000000)
 PSPermGen       total 21504K, used 5621K [0x00000000b5a00000, 0x00000000b6f00000, 0x00000000c0000000)
  object space 21504K, 26% used [0x00000000b5a00000,0x00000000b5f7d5b8,0x00000000b6f00000)
}
Event: 5.491 GC heap before
{Heap before GC invocations=8 (full 1):
 PSYoungGen      total 57344K, used 46748K [0x00000000eaa80000, 0x00000000efc00000, 0x0000000100000000)
  eden space 39936K, 100% used [0x00000000eaa80000,0x00000000ed180000,0x00000000ed180000)
  from space 17408K, 39% used [0x00000000ee280000,0x00000000ee927100,0x00000000ef380000)
  to   space 17408K, 0% used [0x00000000ed180000,0x00000000ed180000,0x00000000ee280000)
 ParOldGen       total 65536K, used 39292K [0x00000000c0000000, 0x00000000c4000000, 0x00000000eaa80000)
  object space 65536K, 59% used [0x00000000c0000000,0x00000000c265f260,0x00000000c4000000)
 PSPermGen       total 21504K, used 5789K [0x00000000b5a00000, 0x00000000b6f00000, 0x00000000c0000000)
  object space 21504K, 26% used [0x00000000b5a00000,0x00000000b5fa7528,0x00000000b6f00000)
Event: 5.526 GC heap after
Heap after GC invocations=8 (full 1):
 PSYoungGen      total 57344K, used 17381K [0x00000000eaa80000, 0x00000000f0d00000, 0x0000000100000000)
  eden space 39936K, 0% used [0x00000000eaa80000,0x00000000eaa80000,0x00000000ed180000)
  from space 17408K, 99% used [0x00000000ed180000,0x00000000ee279790,0x00000000ee280000)
  to   space 20992K, 0% used [0x00000000ef880000,0x00000000ef880000,0x00000000f0d00000)
 ParOldGen       total 65536K, used 41373K [0x00000000c0000000, 0x00000000c4000000, 0x00000000eaa80000)
  object space 65536K, 63% used [0x00000000c0000000,0x00000000c28677d8,0x00000000c4000000)
 PSPermGen       total 21504K, used 5789K [0x00000000b5a00000, 0x00000000b6f00000, 0x00000000c0000000)
  object space 21504K, 26% used [0x00000000b5a00000,0x00000000b5fa7528,0x00000000b6f00000)
}
Event: 5.537 GC heap before
{Heap before GC invocations=9 (full 1):
 PSYoungGen      total 57344K, used 57317K [0x00000000eaa80000, 0x00000000f0d00000, 0x0000000100000000)
  eden space 39936K, 100% used [0x00000000eaa80000,0x00000000ed180000,0x00000000ed180000)
  from space 17408K, 99% used [0x00000000ed180000,0x00000000ee279790,0x00000000ee280000)
  to   space 20992K, 0% used [0x00000000ef880000,0x00000000ef880000,0x00000000f0d00000)
 ParOldGen       total 65536K, used 41373K [0x00000000c0000000, 0x00000000c4000000, 0x00000000eaa80000)
  object space 65536K, 63% used [0x00000000c0000000,0x00000000c28677d8,0x00000000c4000000)
 PSPermGen       total 21504K, used 5789K [0x00000000b5a00000, 0x00000000b6f00000, 0x00000000c0000000)
  object space 21504K, 26% used [0x00000000b5a00000,0x00000000b5fa7528,0x00000000b6f00000)

